aBTaskerPlugin/build/outputs/logs/manifest-merger-debug-report.txt
-- Merging decision tree log ---
manifest
ADDED from src\main\AndroidManifest.xml:3:1-113:12
	package
		ADDED from src\main\AndroidManifest.xml:5:5-63
		INJECTED from src\main\AndroidManifest.xml
		INJECTED from src\main\AndroidManifest.xml
	android:versionName
		ADDED from src\main\AndroidManifest.xml:8:5-32
		INJECTED from src\main\AndroidManifest.xml
		INJECTED from src\main\AndroidManifest.xml
	xmlns:tools
		ADDED from src\main\AndroidManifest.xml:4:5-51
	android:versionCode
		ADDED from src\main\AndroidManifest.xml:7:5-31
		INJECTED from src\main\AndroidManifest.xml
		INJECTED from src\main\AndroidManifest.xml
	xmlns:android
		ADDED from src\main\AndroidManifest.xml:3:11-69
	android:installLocation
		ADDED from src\main\AndroidManifest.xml:6:5-43
uses-sdk
ADDED from src\main\AndroidManifest.xml:10:5-12:41
MERGED from [AB-TaskerPlugin:localeapi:unspecified] AndroidManifest.xml:5:5-7:41
	android:targetSdkVersion
		ADDED from src\main\AndroidManifest.xml:12:9-38
		INJECTED from src\main\AndroidManifest.xml
		INJECTED from src\main\AndroidManifest.xml
	android:minSdkVersion
		ADDED from src\main\AndroidManifest.xml:11:9-35
		INJECTED from src\main\AndroidManifest.xml
		INJECTED from src\main\AndroidManifest.xml
uses-feature#android.hardware.touchscreen
ADDED from src\main\AndroidManifest.xml:15:5-17:36
MERGED from [AB-TaskerPlugin:localeapi:unspecified] AndroidManifest.xml:9:5-11:36
	android:required
		ADDED from src\main\AndroidManifest.xml:17:9-33
	android:name
		ADDED from src\main\AndroidManifest.xml:16:9-52
supports-screens
ADDED from src\main\AndroidManifest.xml:20:5-25:40
	android:largeScreens
		ADDED from src\main\AndroidManifest.xml:22:9-36
	android:smallScreens
		ADDED from src\main\AndroidManifest.xml:24:9-36
	android:normalScreens
		ADDED from src\main\AndroidManifest.xml:23:9-37
	android:xlargeScreens
		ADDED from src\main\AndroidManifest.xml:25:9-37
	android:anyDensity
		ADDED from src\main\AndroidManifest.xml:21:9-34
uses-permission#com.dukei.android.provider.anybalance.READ_PERMISSION
ADDED from src\main\AndroidManifest.xml:28:5-93
	android:name
		ADDED from src\main\AndroidManifest.xml:28:22-90
application
ADDED from src\main\AndroidManifest.xml:29:5-111:19
	android:label
		ADDED from src\main\AndroidManifest.xml:34:9-41
	android:hardwareAccelerated
		ADDED from src\main\AndroidManifest.xml:32:9-43
	android:uiOptions
		ADDED from src\main\AndroidManifest.xml:36:9-53
	android:allowBackup
		ADDED from src\main\AndroidManifest.xml:31:9-35
	android:icon
		ADDED from src\main\AndroidManifest.xml:33:9-38
	android:theme
		ADDED from src\main\AndroidManifest.xml:35:9-49
	android:name
		ADDED from src\main\AndroidManifest.xml:30:9-42
activity#com.dukei.android.apps.anybalance.plugins.tasker.ui.InfoActivity
ADDED from src\main\AndroidManifest.xml:42:9-50:20
	android:exported
		ADDED from src\main\AndroidManifest.xml:44:13-36
	tools:ignore
		ADDED from src\main\AndroidManifest.xml:45:13-44
	android:name
		ADDED from src\main\AndroidManifest.xml:43:13-44
intent-filter#android.intent.action.MAIN+android.intent.category.INFO
ADDED from src\main\AndroidManifest.xml:46:13-49:29
action#android.intent.action.MAIN
ADDED from src\main\AndroidManifest.xml:47:17-69
	android:name
		ADDED from src\main\AndroidManifest.xml:47:25-66
category#android.intent.category.INFO
ADDED from src\main\AndroidManifest.xml:48:17-73
	android:name
		ADDED from src\main\AndroidManifest.xml:48:27-70
activity#com.dukei.android.apps.anybalance.plugins.tasker.ui.EditActivity
ADDED from src\main\AndroidManifest.xml:59:9-74:20
	android:label
		ADDED from src\main\AndroidManifest.xml:63:13-48
	android:exported
		ADDED from src\main\AndroidManifest.xml:61:13-36
	android:windowSoftInputMode
		ADDED from src\main\AndroidManifest.xml:66:13-55
	tools:ignore
		ADDED from src\main\AndroidManifest.xml:67:13-44
	android:uiOptions
		ADDED from src\main\AndroidManifest.xml:65:13-57
	android:icon
		ADDED from src\main\AndroidManifest.xml:62:13-42
	android:theme
		ADDED from src\main\AndroidManifest.xml:64:13-53
	android:name
		ADDED from src\main\AndroidManifest.xml:60:13-44
intent-filter#com.twofortyfouram.locale.intent.action.EDIT_SETTING+net.dinglisch.android.tasker.ACTION_EDIT_EVENT
ADDED from src\main\AndroidManifest.xml:70:13-73:29
action#com.twofortyfouram.locale.intent.action.EDIT_SETTING
ADDED from src\main\AndroidManifest.xml:71:17-95
	android:name
		ADDED from src\main\AndroidManifest.xml:71:25-92
action#net.dinglisch.android.tasker.ACTION_EDIT_EVENT
ADDED from src\main\AndroidManifest.xml:72:17-89
	android:name
		ADDED from src\main\AndroidManifest.xml:72:25-86
receiver#com.dukei.android.apps.anybalance.plugins.tasker.receiver.FireReceiver
ADDED from src\main\AndroidManifest.xml:82:9-92:20
	android:process
		ADDED from src\main\AndroidManifest.xml:85:13-42
	android:exported
		ADDED from src\main\AndroidManifest.xml:84:13-36
	tools:ignore
		ADDED from src\main\AndroidManifest.xml:86:13-44
	android:name
		ADDED from src\main\AndroidManifest.xml:83:13-50
intent-filter#com.twofortyfouram.locale.intent.action.FIRE_SETTING
ADDED from src\main\AndroidManifest.xml:89:13-91:29
action#com.twofortyfouram.locale.intent.action.FIRE_SETTING
ADDED from src\main\AndroidManifest.xml:90:17-95
	android:name
		ADDED from src\main\AndroidManifest.xml:90:25-92
receiver#com.dukei.android.apps.anybalance.plugins.tasker.receiver.QueryReceiver
ADDED from src\main\AndroidManifest.xml:93:9-101:20
	android:process
		ADDED from src\main\AndroidManifest.xml:96:13-42
	android:exported
		ADDED from src\main\AndroidManifest.xml:95:13-36
	tools:ignore
		ADDED from src\main\AndroidManifest.xml:97:13-44
	android:name
		ADDED from src\main\AndroidManifest.xml:94:13-51
intent-filter#com.twofortyfouram.locale.intent.action.QUERY_CONDITION
ADDED from src\main\AndroidManifest.xml:98:13-100:29
action#com.twofortyfouram.locale.intent.action.QUERY_CONDITION
ADDED from src\main\AndroidManifest.xml:99:17-98
	android:name
		ADDED from src\main\AndroidManifest.xml:99:25-95
service#com.dukei.android.apps.anybalance.plugins.tasker.receiver.EventBackgroundService
ADDED from src\main\AndroidManifest.xml:103:9-106:53
	android:process
		ADDED from src\main\AndroidManifest.xml:106:13-42
	android:exported
		ADDED from src\main\AndroidManifest.xml:105:13-37
	android:name
		ADDED from src\main\AndroidManifest.xml:104:13-60
service#com.dukei.android.apps.anybalance.plugins.tasker.receiver.SyncSettingsBackgroundService
ADDED from src\main\AndroidManifest.xml:107:9-110:53
	android:process
		ADDED from src\main\AndroidManifest.xml:110:13-42
	android:exported
		ADDED from src\main\AndroidManifest.xml:109:13-37
	android:name
		ADDED from src\main\AndroidManifest.xml:108:13-67